{"id":1,"timestamp":"2026-02-01T23:28:51.791-08:00","file":"hello_world.rb","file_path":"examples/hello_world.rb","line":0,"event":"c_call","method":"set_encoding","class":"IO","app_code":true}
{"id":2,"timestamp":"2026-02-01T23:28:51.791-08:00","file":"hello_world.rb","file_path":"examples/hello_world.rb","line":0,"event":"c_return","method":"set_encoding","class":"IO","app_code":true,"return_value":{"value":"#<File:examples/hello_world.rb>","type":"File","object_id":60}}
{"id":3,"timestamp":"2026-02-01T23:28:51.791-08:00","file":"hello_world.rb","file_path":"examples/hello_world.rb","line":0,"event":"c_call","method":"set_encoding","class":"IO","app_code":true}
{"id":4,"timestamp":"2026-02-01T23:28:51.791-08:00","file":"hello_world.rb","file_path":"examples/hello_world.rb","line":0,"event":"c_return","method":"set_encoding","class":"IO","app_code":true,"return_value":{"value":"#<File:examples/hello_world.rb>","type":"File","object_id":60}}
{"id":5,"timestamp":"2026-02-01T23:28:51.792-08:00","file":"hello_world.rb","file_path":"examples/hello_world.rb","line":4,"event":"line","method":"<main>","class":null,"app_code":true,"source":"class Greeter"}
{"id":6,"timestamp":"2026-02-01T23:28:51.792-08:00","file":"hello_world.rb","file_path":"examples/hello_world.rb","line":4,"event":"c_call","method":"const_added","class":"Module","app_code":true}
{"id":7,"timestamp":"2026-02-01T23:28:51.792-08:00","file":"hello_world.rb","file_path":"examples/hello_world.rb","line":4,"event":"c_return","method":"const_added","class":"Module","app_code":true,"return_value":{"value":"nil","type":"NilClass","object_id":4}}
{"id":8,"timestamp":"2026-02-01T23:28:51.792-08:00","file":"hello_world.rb","file_path":"examples/hello_world.rb","line":4,"event":"c_call","method":"inherited","class":"Class","app_code":true}
{"id":9,"timestamp":"2026-02-01T23:28:51.792-08:00","file":"hello_world.rb","file_path":"examples/hello_world.rb","line":4,"event":"c_return","method":"inherited","class":"Class","app_code":true,"return_value":{"value":"nil","type":"NilClass","object_id":4}}
{"id":10,"timestamp":"2026-02-01T23:28:51.792-08:00","file":"hello_world.rb","file_path":"examples/hello_world.rb","line":5,"event":"line","method":"<main>","class":null,"app_code":true,"source":"  def initialize(name)"}
{"id":11,"timestamp":"2026-02-01T23:28:51.792-08:00","file":"hello_world.rb","file_path":"examples/hello_world.rb","line":5,"event":"c_call","method":"method_added","class":"Module","app_code":true}
{"id":12,"timestamp":"2026-02-01T23:28:51.792-08:00","file":"hello_world.rb","file_path":"examples/hello_world.rb","line":5,"event":"c_return","method":"method_added","class":"Module","app_code":true,"return_value":{"value":"nil","type":"NilClass","object_id":4}}
{"id":13,"timestamp":"2026-02-01T23:28:51.792-08:00","file":"hello_world.rb","file_path":"examples/hello_world.rb","line":10,"event":"line","method":"<main>","class":null,"app_code":true,"source":"  def greet"}
{"id":14,"timestamp":"2026-02-01T23:28:51.793-08:00","file":"hello_world.rb","file_path":"examples/hello_world.rb","line":10,"event":"c_call","method":"method_added","class":"Module","app_code":true}
{"id":15,"timestamp":"2026-02-01T23:28:51.793-08:00","file":"hello_world.rb","file_path":"examples/hello_world.rb","line":10,"event":"c_return","method":"method_added","class":"Module","app_code":true,"return_value":{"value":"nil","type":"NilClass","object_id":4}}
{"id":16,"timestamp":"2026-02-01T23:28:51.793-08:00","file":"hello_world.rb","file_path":"examples/hello_world.rb","line":17,"event":"line","method":"<main>","class":null,"app_code":true,"source":"  def greet_count"}
{"id":17,"timestamp":"2026-02-01T23:28:51.793-08:00","file":"hello_world.rb","file_path":"examples/hello_world.rb","line":17,"event":"c_call","method":"method_added","class":"Module","app_code":true}
{"id":18,"timestamp":"2026-02-01T23:28:51.793-08:00","file":"hello_world.rb","file_path":"examples/hello_world.rb","line":17,"event":"c_return","method":"method_added","class":"Module","app_code":true,"return_value":{"value":"nil","type":"NilClass","object_id":4}}
{"id":19,"timestamp":"2026-02-01T23:28:51.793-08:00","file":"hello_world.rb","file_path":"examples/hello_world.rb","line":22,"event":"line","method":"<main>","class":null,"app_code":true,"source":"def main"}
{"id":20,"timestamp":"2026-02-01T23:28:51.793-08:00","file":"hello_world.rb","file_path":"examples/hello_world.rb","line":22,"event":"c_call","method":"method_added","class":"Module","app_code":true}
{"id":21,"timestamp":"2026-02-01T23:28:51.793-08:00","file":"hello_world.rb","file_path":"examples/hello_world.rb","line":22,"event":"c_return","method":"method_added","class":"Module","app_code":true,"return_value":{"value":"nil","type":"NilClass","object_id":4}}
{"id":22,"timestamp":"2026-02-01T23:28:51.793-08:00","file":"hello_world.rb","file_path":"examples/hello_world.rb","line":29,"event":"line","method":"<main>","class":null,"app_code":true,"source":"main"}
{"id":23,"timestamp":"2026-02-01T23:28:51.793-08:00","file":"hello_world.rb","file_path":"examples/hello_world.rb","line":22,"event":"call","method":"main","class":"Object","app_code":true,"method_definition":{"source":"def main\n  greeter = Greeter.new(\"World\")\n  greeter.greet\n  greeter.greet\n  puts \"Greeted #{greeter.greet_count} times\"\nend","file":"examples/hello_world.rb","start_line":22,"end_line":27,"signature":"Object#main"},"locals":{"greeter":{"value":"nil","type":"NilClass","object_id":4}},"params":["greeter"],"param_values":{"greeter":{"value":"nil","type":"NilClass","object_id":4}}}
{"id":24,"timestamp":"2026-02-01T23:28:51.794-08:00","file":"hello_world.rb","file_path":"examples/hello_world.rb","line":23,"event":"line","method":"main","class":"Object","app_code":true,"locals":{"greeter":{"value":"nil","type":"NilClass","object_id":4}},"source":"  greeter = Greeter.new(\"World\")"}
{"id":25,"timestamp":"2026-02-01T23:28:51.794-08:00","file":"hello_world.rb","file_path":"examples/hello_world.rb","line":23,"event":"c_call","method":"new","class":"Class","app_code":true}
{"id":26,"timestamp":"2026-02-01T23:28:51.794-08:00","file":"hello_world.rb","file_path":"examples/hello_world.rb","line":5,"event":"call","method":"initialize","class":"Greeter","app_code":true,"method_definition":{"source":"  def initialize(name)\n    @name = name\n    @greet_count = 0\n  end","file":"examples/hello_world.rb","start_line":5,"end_line":8,"signature":"Greeter#initialize"},"locals":{"name":{"value":"\"World\"","type":"String","object_id":80}},"params":["name"],"param_values":{"name":{"value":"\"World\"","type":"String","object_id":80}}}
{"id":27,"timestamp":"2026-02-01T23:28:51.794-08:00","file":"hello_world.rb","file_path":"examples/hello_world.rb","line":6,"event":"line","method":"initialize","class":"Greeter","app_code":true,"locals":{"name":{"value":"\"World\"","type":"String","object_id":80}},"source":"    @name = name"}
{"id":28,"timestamp":"2026-02-01T23:28:51.794-08:00","file":"hello_world.rb","file_path":"examples/hello_world.rb","line":7,"event":"line","method":"initialize","class":"Greeter","app_code":true,"locals":{"name":{"value":"\"World\"","type":"String","object_id":80}},"instance_variables":{"@name":{"value":"\"World\"","type":"String","object_id":80,"created":true}},"source":"    @greet_count = 0"}
{"id":29,"timestamp":"2026-02-01T23:28:51.794-08:00","file":"hello_world.rb","file_path":"examples/hello_world.rb","line":8,"event":"return","method":"initialize","class":"Greeter","app_code":true,"return_value":{"value":"0","type":"Integer","object_id":1}}
{"id":30,"timestamp":"2026-02-01T23:28:51.794-08:00","file":"hello_world.rb","file_path":"examples/hello_world.rb","line":23,"event":"c_return","method":"new","class":"Class","app_code":true,"return_value":{"value":"#<Greeter:0x000000010cac3e30 @name=\"World\", @greet_count=0>","type":"Greeter","object_id":100}}
{"id":31,"timestamp":"2026-02-01T23:28:51.794-08:00","file":"hello_world.rb","file_path":"examples/hello_world.rb","line":24,"event":"line","method":"main","class":"Object","app_code":true,"locals":{"greeter":{"value":"#<Greeter:0x000000010cac3e30 @name=\"World\", @greet_count=0>","type":"Greeter","object_id":100}},"source":"  greeter.greet"}
{"id":32,"timestamp":"2026-02-01T23:28:51.795-08:00","file":"hello_world.rb","file_path":"examples/hello_world.rb","line":10,"event":"call","method":"greet","class":"Greeter","app_code":true,"method_definition":{"source":"  def greet\n    @greet_count += 1\n    message = \"Hello, #{@name}!\"\n    puts message\n    message\n  end","file":"examples/hello_world.rb","start_line":10,"end_line":15,"signature":"Greeter#greet"},"locals":{"message":{"value":"nil","type":"NilClass","object_id":4}},"instance_variables":{"@name":{"value":"\"World\"","type":"String","object_id":80},"@greet_count":{"value":"0","type":"Integer","object_id":1,"created":true}},"params":["message"],"param_values":{"message":{"value":"nil","type":"NilClass","object_id":4}}}
{"id":33,"timestamp":"2026-02-01T23:28:51.795-08:00","file":"hello_world.rb","file_path":"examples/hello_world.rb","line":11,"event":"line","method":"greet","class":"Greeter","app_code":true,"locals":{"message":{"value":"nil","type":"NilClass","object_id":4}},"instance_variables":{"@name":{"value":"\"World\"","type":"String","object_id":80},"@greet_count":{"value":"0","type":"Integer","object_id":1}},"source":"    @greet_count += 1"}
{"id":34,"timestamp":"2026-02-01T23:28:51.795-08:00","file":"hello_world.rb","file_path":"examples/hello_world.rb","line":11,"event":"c_call","method":"+","class":"Integer","app_code":true}
{"id":35,"timestamp":"2026-02-01T23:28:51.795-08:00","file":"hello_world.rb","file_path":"examples/hello_world.rb","line":11,"event":"c_return","method":"+","class":"Integer","app_code":true,"return_value":{"value":"1","type":"Integer","object_id":3}}
{"id":36,"timestamp":"2026-02-01T23:28:51.795-08:00","file":"hello_world.rb","file_path":"examples/hello_world.rb","line":12,"event":"line","method":"greet","class":"Greeter","app_code":true,"locals":{"message":{"value":"nil","type":"NilClass","object_id":4}},"instance_variables":{"@name":{"value":"\"World\"","type":"String","object_id":80},"@greet_count":{"value":"1","type":"Integer","object_id":3,"changed":true,"previous_value_id":33}},"source":"    message = \"Hello, #{@name}!\""}
{"id":37,"timestamp":"2026-02-01T23:28:51.795-08:00","file":"hello_world.rb","file_path":"examples/hello_world.rb","line":13,"event":"line","method":"greet","class":"Greeter","app_code":true,"locals":{"message":{"value":"\"Hello, World!\"","type":"String","object_id":120}},"instance_variables":{"@name":{"value":"\"World\"","type":"String","object_id":80},"@greet_count":{"value":"1","type":"Integer","object_id":3}},"source":"    puts message"}
{"id":38,"timestamp":"2026-02-01T23:28:51.795-08:00","file":"hello_world.rb","file_path":"examples/hello_world.rb","line":13,"event":"c_call","method":"puts","class":"Kernel","app_code":true}
{"id":39,"timestamp":"2026-02-01T23:28:51.795-08:00","file":"hello_world.rb","file_path":"examples/hello_world.rb","line":13,"event":"c_call","method":"puts","class":"IO","app_code":true}
{"id":40,"timestamp":"2026-02-01T23:28:51.795-08:00","file":"hello_world.rb","file_path":"examples/hello_world.rb","line":13,"event":"c_call","method":"write","class":"IO","app_code":true}
{"id":41,"timestamp":"2026-02-01T23:28:51.796-08:00","file":"hello_world.rb","file_path":"examples/hello_world.rb","line":13,"event":"c_return","method":"write","class":"IO","app_code":true,"return_value":{"value":"14","type":"Integer","object_id":29}}
{"id":42,"timestamp":"2026-02-01T23:28:51.796-08:00","file":"hello_world.rb","file_path":"examples/hello_world.rb","line":13,"event":"c_return","method":"puts","class":"IO","app_code":true,"return_value":{"value":"nil","type":"NilClass","object_id":4}}
{"id":43,"timestamp":"2026-02-01T23:28:51.796-08:00","file":"hello_world.rb","file_path":"examples/hello_world.rb","line":13,"event":"c_return","method":"puts","class":"Kernel","app_code":true,"return_value":{"value":"nil","type":"NilClass","object_id":4}}
{"id":44,"timestamp":"2026-02-01T23:28:51.796-08:00","file":"hello_world.rb","file_path":"examples/hello_world.rb","line":14,"event":"line","method":"greet","class":"Greeter","app_code":true,"locals":{"message":{"value":"\"Hello, World!\"","type":"String","object_id":120}},"instance_variables":{"@name":{"value":"\"World\"","type":"String","object_id":80},"@greet_count":{"value":"1","type":"Integer","object_id":3}},"source":"    message"}
{"id":45,"timestamp":"2026-02-01T23:28:51.796-08:00","file":"hello_world.rb","file_path":"examples/hello_world.rb","line":15,"event":"return","method":"greet","class":"Greeter","app_code":true,"return_value":{"value":"\"Hello, World!\"","type":"String","object_id":120}}
{"id":46,"timestamp":"2026-02-01T23:28:51.796-08:00","file":"hello_world.rb","file_path":"examples/hello_world.rb","line":25,"event":"line","method":"main","class":"Object","app_code":true,"locals":{"greeter":{"value":"#<Greeter:0x000000010cac3e30 @name=\"World\", @greet_count=1>","type":"Greeter","object_id":100}},"source":"  greeter.greet"}
{"id":47,"timestamp":"2026-02-01T23:28:51.796-08:00","file":"hello_world.rb","file_path":"examples/hello_world.rb","line":10,"event":"call","method":"greet","class":"Greeter","app_code":true,"method_definition_id":32,"locals":{"message":{"value":"nil","type":"NilClass","object_id":4}},"instance_variables":{"@name":{"value":"\"World\"","type":"String","object_id":80},"@greet_count":{"value":"1","type":"Integer","object_id":3}},"params":["message"],"param_values":{"message":{"value":"nil","type":"NilClass","object_id":4}}}
{"id":48,"timestamp":"2026-02-01T23:28:51.796-08:00","file":"hello_world.rb","file_path":"examples/hello_world.rb","line":11,"event":"line","method":"greet","class":"Greeter","app_code":true,"locals":{"message":{"value":"nil","type":"NilClass","object_id":4}},"instance_variables":{"@name":{"value":"\"World\"","type":"String","object_id":80},"@greet_count":{"value":"1","type":"Integer","object_id":3}},"source":"    @greet_count += 1"}
{"id":49,"timestamp":"2026-02-01T23:28:51.796-08:00","file":"hello_world.rb","file_path":"examples/hello_world.rb","line":11,"event":"c_call","method":"+","class":"Integer","app_code":true}
{"id":50,"timestamp":"2026-02-01T23:28:51.796-08:00","file":"hello_world.rb","file_path":"examples/hello_world.rb","line":11,"event":"c_return","method":"+","class":"Integer","app_code":true,"return_value":{"value":"2","type":"Integer","object_id":5}}
{"id":51,"timestamp":"2026-02-01T23:28:51.797-08:00","file":"hello_world.rb","file_path":"examples/hello_world.rb","line":12,"event":"line","method":"greet","class":"Greeter","app_code":true,"locals":{"message":{"value":"nil","type":"NilClass","object_id":4}},"instance_variables":{"@name":{"value":"\"World\"","type":"String","object_id":80},"@greet_count":{"value":"2","type":"Integer","object_id":5,"changed":true,"previous_value_id":48}},"source":"    message = \"Hello, #{@name}!\""}
{"id":52,"timestamp":"2026-02-01T23:28:51.797-08:00","file":"hello_world.rb","file_path":"examples/hello_world.rb","line":13,"event":"line","method":"greet","class":"Greeter","app_code":true,"locals":{"message":{"value":"\"Hello, World!\"","type":"String","object_id":140}},"instance_variables":{"@name":{"value":"\"World\"","type":"String","object_id":80},"@greet_count":{"value":"2","type":"Integer","object_id":5}},"source":"    puts message"}
{"id":53,"timestamp":"2026-02-01T23:28:51.797-08:00","file":"hello_world.rb","file_path":"examples/hello_world.rb","line":13,"event":"c_call","method":"puts","class":"Kernel","app_code":true}
{"id":54,"timestamp":"2026-02-01T23:28:51.797-08:00","file":"hello_world.rb","file_path":"examples/hello_world.rb","line":13,"event":"c_call","method":"puts","class":"IO","app_code":true}
{"id":55,"timestamp":"2026-02-01T23:28:51.797-08:00","file":"hello_world.rb","file_path":"examples/hello_world.rb","line":13,"event":"c_call","method":"write","class":"IO","app_code":true}
{"id":56,"timestamp":"2026-02-01T23:28:51.797-08:00","file":"hello_world.rb","file_path":"examples/hello_world.rb","line":13,"event":"c_return","method":"write","class":"IO","app_code":true,"return_value":{"value":"14","type":"Integer","object_id":29}}
{"id":57,"timestamp":"2026-02-01T23:28:51.797-08:00","file":"hello_world.rb","file_path":"examples/hello_world.rb","line":13,"event":"c_return","method":"puts","class":"IO","app_code":true,"return_value":{"value":"nil","type":"NilClass","object_id":4}}
{"id":58,"timestamp":"2026-02-01T23:28:51.797-08:00","file":"hello_world.rb","file_path":"examples/hello_world.rb","line":13,"event":"c_return","method":"puts","class":"Kernel","app_code":true,"return_value":{"value":"nil","type":"NilClass","object_id":4}}
{"id":59,"timestamp":"2026-02-01T23:28:51.797-08:00","file":"hello_world.rb","file_path":"examples/hello_world.rb","line":14,"event":"line","method":"greet","class":"Greeter","app_code":true,"locals":{"message":{"value":"\"Hello, World!\"","type":"String","object_id":140}},"instance_variables":{"@name":{"value":"\"World\"","type":"String","object_id":80},"@greet_count":{"value":"2","type":"Integer","object_id":5}},"source":"    message"}
{"id":60,"timestamp":"2026-02-01T23:28:51.797-08:00","file":"hello_world.rb","file_path":"examples/hello_world.rb","line":15,"event":"return","method":"greet","class":"Greeter","app_code":true,"return_value":{"value":"\"Hello, World!\"","type":"String","object_id":140}}
{"id":61,"timestamp":"2026-02-01T23:28:51.797-08:00","file":"hello_world.rb","file_path":"examples/hello_world.rb","line":26,"event":"line","method":"main","class":"Object","app_code":true,"locals":{"greeter":{"value":"#<Greeter:0x000000010cac3e30 @name=\"World\", @greet_count=2>","type":"Greeter","object_id":100}},"source":"  puts \"Greeted #{greeter.greet_count} times\""}
{"id":62,"timestamp":"2026-02-01T23:28:51.798-08:00","file":"hello_world.rb","file_path":"examples/hello_world.rb","line":17,"event":"call","method":"greet_count","class":"Greeter","app_code":true,"method_definition":{"source":"  def greet_count\n    @greet_count\n  end","file":"examples/hello_world.rb","start_line":17,"end_line":19,"signature":"Greeter#greet_count"},"instance_variables":{"@name":{"value":"\"World\"","type":"String","object_id":80},"@greet_count":{"value":"2","type":"Integer","object_id":5}}}
{"id":63,"timestamp":"2026-02-01T23:28:51.798-08:00","file":"hello_world.rb","file_path":"examples/hello_world.rb","line":18,"event":"line","method":"greet_count","class":"Greeter","app_code":true,"instance_variables":{"@name":{"value":"\"World\"","type":"String","object_id":80},"@greet_count":{"value":"2","type":"Integer","object_id":5}},"source":"    @greet_count"}
{"id":64,"timestamp":"2026-02-01T23:28:51.798-08:00","file":"hello_world.rb","file_path":"examples/hello_world.rb","line":19,"event":"return","method":"greet_count","class":"Greeter","app_code":true,"return_value":{"value":"2","type":"Integer","object_id":5}}
{"id":65,"timestamp":"2026-02-01T23:28:51.798-08:00","file":"hello_world.rb","file_path":"examples/hello_world.rb","line":26,"event":"c_call","method":"puts","class":"Kernel","app_code":true}
{"id":66,"timestamp":"2026-02-01T23:28:51.798-08:00","file":"hello_world.rb","file_path":"examples/hello_world.rb","line":26,"event":"c_call","method":"puts","class":"IO","app_code":true}
{"id":67,"timestamp":"2026-02-01T23:28:51.798-08:00","file":"hello_world.rb","file_path":"examples/hello_world.rb","line":26,"event":"c_call","method":"write","class":"IO","app_code":true}
{"id":68,"timestamp":"2026-02-01T23:28:51.798-08:00","file":"hello_world.rb","file_path":"examples/hello_world.rb","line":26,"event":"c_return","method":"write","class":"IO","app_code":true,"return_value":{"value":"16","type":"Integer","object_id":33}}
{"id":69,"timestamp":"2026-02-01T23:28:51.798-08:00","file":"hello_world.rb","file_path":"examples/hello_world.rb","line":26,"event":"c_return","method":"puts","class":"IO","app_code":true,"return_value":{"value":"nil","type":"NilClass","object_id":4}}
{"id":70,"timestamp":"2026-02-01T23:28:51.798-08:00","file":"hello_world.rb","file_path":"examples/hello_world.rb","line":26,"event":"c_return","method":"puts","class":"Kernel","app_code":true,"return_value":{"value":"nil","type":"NilClass","object_id":4}}
{"id":71,"timestamp":"2026-02-01T23:28:51.798-08:00","file":"hello_world.rb","file_path":"examples/hello_world.rb","line":27,"event":"return","method":"main","class":"Object","app_code":true,"return_value":{"value":"nil","type":"NilClass","object_id":4}}
{"id":72,"event":"trace_summary","timestamp":"2026-02-01T23:28:51.799-08:00","app_files":["examples/hello_world.rb"],"external_files":[],"methods_called":["Greeter#greet","Greeter#greet_count","Greeter#initialize","Object#main"],"total_steps":71,"method_definitions":{"Object#main":23,"Greeter#initialize":26,"Greeter#greet":32,"Greeter#greet_count":62},"object_count":1,"constants_tracked":[],"configuration":{"app_paths":["/Users/david/Dropbox/dev/tracegraph/examples"],"trace_gems":false,"trace_stdlib":false}}
